<?xml version="1.0" encoding="UTF-8" ?>
<testsuite tests="16" failures="16" name="UT4_TA2.TElementoArbolBBTest" time="0.007" errors="0" skipped="0">
  <properties>
    <property name="java.runtime.name" value="Java(TM) SE Runtime Environment"/>
    <property name="java.vm.version" value="17.0.3+8-LTS-111"/>
    <property name="sun.boot.library.path" value="/Library/Java/JavaVirtualMachines/jdk-17.0.3.jdk/Contents/Home/lib"/>
    <property name="maven.multiModuleProjectDirectory" value="/Users/anavalin/Documents/GitHub/equipo01tas/UT4_ArbolBinarioDeBusqueda"/>
    <property name="java.vm.vendor" value="Oracle Corporation"/>
    <property name="java.vendor.url" value="https://java.oracle.com/"/>
    <property name="guice.disable.misplaced.annotation.check" value="true"/>
    <property name="path.separator" value=":"/>
    <property name="java.vm.name" value="Java HotSpot(TM) 64-Bit Server VM"/>
    <property name="user.country" value="US"/>
    <property name="sun.java.launcher" value="SUN_STANDARD"/>
    <property name="java.vm.specification.name" value="Java Virtual Machine Specification"/>
    <property name="user.dir" value="/Users/anavalin/Documents/GitHub/equipo01tas/UT4_ArbolBinarioDeBusqueda"/>
    <property name="java.vm.compressedOopsMode" value="Zero based"/>
    <property name="java.runtime.version" value="17.0.3+8-LTS-111"/>
    <property name="os.arch" value="x86_64"/>
    <property name="java.io.tmpdir" value="/var/folders/xm/gd8y5q8n1_v23ts5rcvfk2h00000gp/T/"/>
    <property name="line.separator" value="
"/>
    <property name="java.vm.specification.vendor" value="Oracle Corporation"/>
    <property name="os.name" value="Mac OS X"/>
    <property name="maven.ext.class.path" value="/Applications/NetBeans/Apache NetBeans 13.app/Contents/Resources/NetBeans/netbeans/java/maven-nblib/netbeans-eventspy.jar"/>
    <property name="classworlds.conf" value="/Applications/NetBeans/Apache NetBeans 13.app/Contents/Resources/NetBeans/netbeans/java/maven/bin/m2.conf"/>
    <property name="sun.jnu.encoding" value="UTF-8"/>
    <property name="java.library.path" value="/Users/anavalin/Library/Java/Extensions:/Library/Java/Extensions:/Network/Library/Java/Extensions:/System/Library/Java/Extensions:/usr/lib/java:."/>
    <property name="maven.conf" value="/Applications/NetBeans/Apache NetBeans 13.app/Contents/Resources/NetBeans/netbeans/java/maven/conf"/>
    <property name="jdk.debug" value="release"/>
    <property name="java.class.version" value="61.0"/>
    <property name="java.specification.name" value="Java Platform API Specification"/>
    <property name="sun.management.compiler" value="HotSpot 64-Bit Tiered Compilers"/>
    <property name="os.version" value="11.6"/>
    <property name="library.jansi.path" value="/Applications/NetBeans/Apache NetBeans 13.app/Contents/Resources/NetBeans/netbeans/java/maven/lib/jansi-native"/>
    <property name="http.nonProxyHosts" value="local|*.local|169.254/16|*.169.254/16"/>
    <property name="user.home" value="/Users/anavalin"/>
    <property name="user.timezone" value="America/Montevideo"/>
    <property name="file.encoding" value="UTF-8"/>
    <property name="java.specification.version" value="17"/>
    <property name="user.name" value="anavalin"/>
    <property name="java.class.path" value="/Applications/NetBeans/Apache NetBeans 13.app/Contents/Resources/NetBeans/netbeans/java/maven/boot/plexus-classworlds-2.6.0.jar"/>
    <property name="java.vm.specification.version" value="17"/>
    <property name="sun.arch.data.model" value="64"/>
    <property name="sun.java.command" value="org.codehaus.plexus.classworlds.launcher.Launcher -Dmaven.ext.class.path=/Applications/NetBeans/Apache NetBeans 13.app/Contents/Resources/NetBeans/netbeans/java/maven-nblib/netbeans-eventspy.jar clean install"/>
    <property name="java.home" value="/Library/Java/JavaVirtualMachines/jdk-17.0.3.jdk/Contents/Home"/>
    <property name="user.language" value="en"/>
    <property name="java.specification.vendor" value="Oracle Corporation"/>
    <property name="java.vm.info" value="mixed mode, sharing"/>
    <property name="java.version" value="17.0.3"/>
    <property name="native.encoding" value="UTF-8"/>
    <property name="java.vendor" value="Oracle Corporation"/>
    <property name="maven.home" value="/Applications/NetBeans/Apache NetBeans 13.app/Contents/Resources/NetBeans/netbeans/java/maven"/>
    <property name="file.separator" value="/"/>
    <property name="java.version.date" value="2022-04-19"/>
    <property name="java.vendor.url.bug" value="https://bugreport.java.com/bugreport/"/>
    <property name="sun.io.unicode.encoding" value="UnicodeBig"/>
    <property name="sun.cpu.endian" value="little"/>
    <property name="socksNonProxyHosts" value="local|*.local|169.254/16|*.169.254/16"/>
    <property name="ftp.nonProxyHosts" value="local|*.local|169.254/16|*.169.254/16"/>
  </properties>
  <testcase classname="UT4_TA2.TElementoArbolBBTest" name="UT4_TA2.TElementoArbolBBTest.testGetEtiqueta" time="0.003">
    <failure message="Cannot invoke &quot;UT4_TA2.TElementoArbolBB.getEtiqueta()&quot; because &quot;instance&quot; is null" type="java.lang.NullPointerException">java.lang.NullPointerException: Cannot invoke &quot;UT4_TA2.TElementoArbolBB.getEtiqueta()&quot; because &quot;instance&quot; is null
	at UT4_TA2.TElementoArbolBBTest.testGetEtiqueta(TElementoArbolBBTest.java:47)
</failure>
    <system-out>getEtiquetaTest
</system-out>
  </testcase>
  <testcase classname="UT4_TA2.TElementoArbolBBTest" name="UT4_TA2.TElementoArbolBBTest.testGetHijoIzq" time="0">
    <failure message="Cannot invoke &quot;UT4_TA2.TElementoArbolBB.getHijoIzq()&quot; because &quot;instance&quot; is null" type="java.lang.NullPointerException">java.lang.NullPointerException: Cannot invoke &quot;UT4_TA2.TElementoArbolBB.getHijoIzq()&quot; because &quot;instance&quot; is null
	at UT4_TA2.TElementoArbolBBTest.testGetHijoIzq(TElementoArbolBBTest.java:61)
</failure>
    <system-out>getHijoIzq
</system-out>
  </testcase>
  <testcase classname="UT4_TA2.TElementoArbolBBTest" name="UT4_TA2.TElementoArbolBBTest.testGetHijoDer" time="0">
    <failure message="Cannot invoke &quot;UT4_TA2.TElementoArbolBB.getHijoDer()&quot; because &quot;instance&quot; is null" type="java.lang.NullPointerException">java.lang.NullPointerException: Cannot invoke &quot;UT4_TA2.TElementoArbolBB.getHijoDer()&quot; because &quot;instance&quot; is null
	at UT4_TA2.TElementoArbolBBTest.testGetHijoDer(TElementoArbolBBTest.java:75)
</failure>
    <system-out>getHijoDer
</system-out>
  </testcase>
  <testcase classname="UT4_TA2.TElementoArbolBBTest" name="UT4_TA2.TElementoArbolBBTest.testSetHijoIzq" time="0">
    <failure message="Cannot invoke &quot;UT4_TA2.TElementoArbolBB.setHijoIzq(UT4_TA2.IElementoAB)&quot; because &quot;instance&quot; is null" type="java.lang.NullPointerException">java.lang.NullPointerException: Cannot invoke &quot;UT4_TA2.TElementoArbolBB.setHijoIzq(UT4_TA2.IElementoAB)&quot; because &quot;instance&quot; is null
	at UT4_TA2.TElementoArbolBBTest.testSetHijoIzq(TElementoArbolBBTest.java:88)
</failure>
    <system-out>setHijoIzq
</system-out>
  </testcase>
  <testcase classname="UT4_TA2.TElementoArbolBBTest" name="UT4_TA2.TElementoArbolBBTest.testSetHijoDer" time="0">
    <failure message="Cannot invoke &quot;UT4_TA2.TElementoArbolBB.setHijoDer(UT4_TA2.IElementoAB)&quot; because &quot;instance&quot; is null" type="java.lang.NullPointerException">java.lang.NullPointerException: Cannot invoke &quot;UT4_TA2.TElementoArbolBB.setHijoDer(UT4_TA2.IElementoAB)&quot; because &quot;instance&quot; is null
	at UT4_TA2.TElementoArbolBBTest.testSetHijoDer(TElementoArbolBBTest.java:100)
</failure>
    <system-out>setHijoDer
</system-out>
  </testcase>
  <testcase classname="UT4_TA2.TElementoArbolBBTest" name="UT4_TA2.TElementoArbolBBTest.testBuscar" time="0">
    <failure message="Cannot invoke &quot;UT4_TA2.TElementoArbolBB.buscar(java.lang.Comparable)&quot; because &quot;instance&quot; is null" type="java.lang.NullPointerException">java.lang.NullPointerException: Cannot invoke &quot;UT4_TA2.TElementoArbolBB.buscar(java.lang.Comparable)&quot; because &quot;instance&quot; is null
	at UT4_TA2.TElementoArbolBBTest.testBuscar(TElementoArbolBBTest.java:114)
</failure>
    <system-out>buscar
</system-out>
  </testcase>
  <testcase classname="UT4_TA2.TElementoArbolBBTest" name="UT4_TA2.TElementoArbolBBTest.testInsertar" time="0.001">
    <failure message="Cannot invoke &quot;UT4_TA2.TElementoArbolBB.insertar(UT4_TA2.IElementoAB)&quot; because &quot;instance&quot; is null" type="java.lang.NullPointerException">java.lang.NullPointerException: Cannot invoke &quot;UT4_TA2.TElementoArbolBB.insertar(UT4_TA2.IElementoAB)&quot; because &quot;instance&quot; is null
	at UT4_TA2.TElementoArbolBBTest.testInsertar(TElementoArbolBBTest.java:128)
</failure>
    <system-out>insertar
</system-out>
  </testcase>
  <testcase classname="UT4_TA2.TElementoArbolBBTest" name="UT4_TA2.TElementoArbolBBTest.testPreOrden" time="0">
    <failure message="Cannot invoke &quot;UT4_TA2.TElementoArbolBB.preOrden()&quot; because &quot;instance&quot; is null" type="java.lang.NullPointerException">java.lang.NullPointerException: Cannot invoke &quot;UT4_TA2.TElementoArbolBB.preOrden()&quot; because &quot;instance&quot; is null
	at UT4_TA2.TElementoArbolBBTest.testPreOrden(TElementoArbolBBTest.java:142)
</failure>
    <system-out>preOrden
</system-out>
  </testcase>
  <testcase classname="UT4_TA2.TElementoArbolBBTest" name="UT4_TA2.TElementoArbolBBTest.testInOrden" time="0">
    <failure message="Cannot invoke &quot;UT4_TA2.TElementoArbolBB.inOrden()&quot; because &quot;instance&quot; is null" type="java.lang.NullPointerException">java.lang.NullPointerException: Cannot invoke &quot;UT4_TA2.TElementoArbolBB.inOrden()&quot; because &quot;instance&quot; is null
	at UT4_TA2.TElementoArbolBBTest.testInOrden(TElementoArbolBBTest.java:156)
</failure>
    <system-out>inOrden
</system-out>
  </testcase>
  <testcase classname="UT4_TA2.TElementoArbolBBTest" name="UT4_TA2.TElementoArbolBBTest.testPostOrden" time="0.001">
    <failure message="Cannot invoke &quot;UT4_TA2.TElementoArbolBB.postOrden()&quot; because &quot;instance&quot; is null" type="java.lang.NullPointerException">java.lang.NullPointerException: Cannot invoke &quot;UT4_TA2.TElementoArbolBB.postOrden()&quot; because &quot;instance&quot; is null
	at UT4_TA2.TElementoArbolBBTest.testPostOrden(TElementoArbolBBTest.java:170)
</failure>
    <system-out>postOrden
</system-out>
  </testcase>
  <testcase classname="UT4_TA2.TElementoArbolBBTest" name="UT4_TA2.TElementoArbolBBTest.testGetDatos" time="0.001">
    <failure message="Cannot invoke &quot;UT4_TA2.TElementoArbolBB.getDatos()&quot; because &quot;instance&quot; is null" type="java.lang.NullPointerException">java.lang.NullPointerException: Cannot invoke &quot;UT4_TA2.TElementoArbolBB.getDatos()&quot; because &quot;instance&quot; is null
	at UT4_TA2.TElementoArbolBBTest.testGetDatos(TElementoArbolBBTest.java:184)
</failure>
    <system-out>getDatos
</system-out>
  </testcase>
  <testcase classname="UT4_TA2.TElementoArbolBBTest" name="UT4_TA2.TElementoArbolBBTest.testTamaño" time="0">
    <failure message="Cannot invoke &quot;UT4_TA2.TElementoArbolBB.tamaño()&quot; because &quot;instance&quot; is null" type="java.lang.NullPointerException">java.lang.NullPointerException: Cannot invoke &quot;UT4_TA2.TElementoArbolBB.tamaño()&quot; because &quot;instance&quot; is null
	at UT4_TA2.TElementoArbolBBTest.testTamaño(TElementoArbolBBTest.java:198)
</failure>
    <system-out>tamaño
</system-out>
  </testcase>
  <testcase classname="UT4_TA2.TElementoArbolBBTest" name="UT4_TA2.TElementoArbolBBTest.testEliminar" time="0">
    <failure message="Cannot invoke &quot;UT4_TA2.TElementoArbolBB.eliminar(java.lang.Comparable)&quot; because &quot;instance&quot; is null" type="java.lang.NullPointerException">java.lang.NullPointerException: Cannot invoke &quot;UT4_TA2.TElementoArbolBB.eliminar(java.lang.Comparable)&quot; because &quot;instance&quot; is null
	at UT4_TA2.TElementoArbolBBTest.testEliminar(TElementoArbolBBTest.java:213)
</failure>
    <system-out>eliminar
</system-out>
  </testcase>
  <testcase classname="UT4_TA2.TElementoArbolBBTest" name="UT4_TA2.TElementoArbolBBTest.testContarHojas" time="0">
    <failure message="Cannot invoke &quot;UT4_TA2.TElementoArbolBB.contarHojas()&quot; because &quot;instance&quot; is null" type="java.lang.NullPointerException">java.lang.NullPointerException: Cannot invoke &quot;UT4_TA2.TElementoArbolBB.contarHojas()&quot; because &quot;instance&quot; is null
	at UT4_TA2.TElementoArbolBBTest.testContarHojas(TElementoArbolBBTest.java:227)
</failure>
    <system-out>contarHojas
</system-out>
  </testcase>
  <testcase classname="UT4_TA2.TElementoArbolBBTest" name="UT4_TA2.TElementoArbolBBTest.testAltura" time="0.001">
    <failure message="Cannot invoke &quot;UT4_TA2.TElementoArbolBB.altura()&quot; because &quot;instance&quot; is null" type="java.lang.NullPointerException">java.lang.NullPointerException: Cannot invoke &quot;UT4_TA2.TElementoArbolBB.altura()&quot; because &quot;instance&quot; is null
	at UT4_TA2.TElementoArbolBBTest.testAltura(TElementoArbolBBTest.java:241)
</failure>
    <system-out>altura
</system-out>
  </testcase>
  <testcase classname="UT4_TA2.TElementoArbolBBTest" name="UT4_TA2.TElementoArbolBBTest.testNivelNodoABB" time="0">
    <failure message="Cannot invoke &quot;UT4_TA2.TElementoArbolBB.nivelNodoABB(java.lang.Comparable)&quot; because &quot;instance&quot; is null" type="java.lang.NullPointerException">java.lang.NullPointerException: Cannot invoke &quot;UT4_TA2.TElementoArbolBB.nivelNodoABB(java.lang.Comparable)&quot; because &quot;instance&quot; is null
	at UT4_TA2.TElementoArbolBBTest.testNivelNodoABB(TElementoArbolBBTest.java:256)
</failure>
    <system-out>nivelNodoABB
</system-out>
  </testcase>
</testsuite>